Starting a Gradle Daemon, 1 incompatible and 1 stopped Daemons could not be reused, use --status for details
> Task :app:preBuild UP-TO-DATE
> Task :app:preDebugBuild UP-TO-DATE
> Task :app:mergeDebugNativeDebugMetadata NO-SOURCE
> Task :app:checkKotlinGradlePluginConfigurationErrors
> Task :app:dataBindingMergeDependencyArtifactsDebug UP-TO-DATE
> Task :app:generateDebugResValues UP-TO-DATE
> Task :app:generateDebugResources UP-TO-DATE
> Task :modules:automation:preBuild UP-TO-DATE
> Task :modules:automation:preDebugBuild UP-TO-DATE
> Task :modules:automation:generateDebugResValues UP-TO-DATE
> Task :modules:automation:generateDebugResources UP-TO-DATE
> Task :modules:automation:packageDebugResources UP-TO-DATE
> Task :modules:core:preBuild UP-TO-DATE
> Task :modules:core:preDebugBuild UP-TO-DATE
> Task :modules:core:generateDebugResValues UP-TO-DATE
> Task :modules:core:generateDebugResources UP-TO-DATE
> Task :modules:core:packageDebugResources UP-TO-DATE
> Task :modules:engine:preBuild UP-TO-DATE
> Task :modules:engine:preDebugBuild UP-TO-DATE
> Task :modules:engine:generateDebugResValues UP-TO-DATE
> Task :modules:engine:generateDebugResources UP-TO-DATE
> Task :modules:engine:packageDebugResources UP-TO-DATE
> Task :modules:smart:preBuild UP-TO-DATE
> Task :modules:smart:preDebugBuild UP-TO-DATE
> Task :modules:smart:generateDebugResValues UP-TO-DATE
> Task :modules:smart:generateDebugResources UP-TO-DATE
> Task :modules:smart:packageDebugResources UP-TO-DATE
> Task :modules:ui:preBuild UP-TO-DATE
> Task :modules:ui:preDebugBuild UP-TO-DATE
> Task :modules:ui:generateDebugResValues UP-TO-DATE
> Task :modules:ui:generateDebugResources UP-TO-DATE
> Task :modules:ui:packageDebugResources UP-TO-DATE
> Task :app:mergeDebugResources UP-TO-DATE
> Task :app:packageDebugResources UP-TO-DATE
> Task :app:parseDebugLocalResources UP-TO-DATE
> Task :modules:automation:parseDebugLocalResources UP-TO-DATE
> Task :modules:automation:generateDebugRFile UP-TO-DATE
> Task :modules:core:parseDebugLocalResources UP-TO-DATE
> Task :modules:core:generateDebugRFile UP-TO-DATE
> Task :modules:engine:parseDebugLocalResources UP-TO-DATE
> Task :modules:engine:generateDebugRFile UP-TO-DATE
> Task :modules:smart:parseDebugLocalResources UP-TO-DATE
> Task :modules:smart:generateDebugRFile UP-TO-DATE
> Task :modules:ui:parseDebugLocalResources UP-TO-DATE
> Task :modules:ui:generateDebugRFile UP-TO-DATE
> Task :app:dataBindingGenBaseClassesDebug UP-TO-DATE
> Task :modules:automation:writeDebugAarMetadata UP-TO-DATE
> Task :modules:core:writeDebugAarMetadata UP-TO-DATE
> Task :modules:engine:writeDebugAarMetadata UP-TO-DATE
> Task :modules:smart:writeDebugAarMetadata UP-TO-DATE
> Task :modules:ui:writeDebugAarMetadata UP-TO-DATE
> Task :app:checkDebugAarMetadata UP-TO-DATE
> Task :app:mapDebugSourceSetPaths UP-TO-DATE
> Task :app:createDebugCompatibleScreenManifests UP-TO-DATE
> Task :app:extractDeepLinksDebug UP-TO-DATE
> Task :modules:automation:extractDeepLinksDebug UP-TO-DATE
> Task :modules:automation:processDebugManifest UP-TO-DATE
> Task :modules:core:extractDeepLinksDebug UP-TO-DATE
> Task :modules:core:processDebugManifest UP-TO-DATE
> Task :modules:engine:extractDeepLinksDebug UP-TO-DATE
> Task :modules:engine:processDebugManifest UP-TO-DATE
> Task :modules:smart:extractDeepLinksDebug UP-TO-DATE
> Task :modules:smart:processDebugManifest UP-TO-DATE
> Task :modules:ui:extractDeepLinksDebug UP-TO-DATE
> Task :modules:ui:processDebugManifest UP-TO-DATE
> Task :app:processDebugMainManifest UP-TO-DATE
> Task :app:processDebugManifest UP-TO-DATE
> Task :app:processDebugManifestForPackage UP-TO-DATE
> Task :modules:automation:compileDebugLibraryResources UP-TO-DATE
> Task :modules:core:compileDebugLibraryResources UP-TO-DATE
> Task :modules:engine:compileDebugLibraryResources UP-TO-DATE
> Task :modules:smart:compileDebugLibraryResources UP-TO-DATE
> Task :modules:ui:compileDebugLibraryResources UP-TO-DATE
> Task :app:processDebugResources UP-TO-DATE
> Task :modules:automation:checkKotlinGradlePluginConfigurationErrors
> Task :modules:engine:checkKotlinGradlePluginConfigurationErrors
> Task :modules:engine:javaPreCompileDebug UP-TO-DATE
> Task :modules:smart:checkKotlinGradlePluginConfigurationErrors
> Task :modules:smart:compileDebugKotlin UP-TO-DATE
> Task :modules:smart:javaPreCompileDebug UP-TO-DATE
> Task :modules:smart:compileDebugJavaWithJavac NO-SOURCE
> Task :modules:smart:bundleLibCompileToJarDebug UP-TO-DATE
> Task :modules:automation:javaPreCompileDebug UP-TO-DATE
> Task :modules:core:checkKotlinGradlePluginConfigurationErrors
> Task :modules:core:javaPreCompileDebug UP-TO-DATE
> Task :modules:ui:checkKotlinGradlePluginConfigurationErrors
> Task :modules:ui:compileDebugKotlin UP-TO-DATE
> Task :modules:ui:javaPreCompileDebug UP-TO-DATE
> Task :modules:ui:compileDebugJavaWithJavac NO-SOURCE
> Task :modules:ui:bundleLibCompileToJarDebug UP-TO-DATE
> Task :app:javaPreCompileDebug UP-TO-DATE
> Task :app:mergeDebugShaders UP-TO-DATE
> Task :app:compileDebugShaders NO-SOURCE
> Task :app:generateDebugAssets UP-TO-DATE
> Task :modules:automation:mergeDebugShaders UP-TO-DATE
> Task :modules:automation:compileDebugShaders NO-SOURCE
> Task :modules:automation:generateDebugAssets UP-TO-DATE
> Task :modules:automation:packageDebugAssets UP-TO-DATE
> Task :modules:core:mergeDebugShaders UP-TO-DATE
> Task :modules:core:compileDebugShaders NO-SOURCE
> Task :modules:core:generateDebugAssets UP-TO-DATE
> Task :modules:core:packageDebugAssets UP-TO-DATE
> Task :modules:engine:mergeDebugShaders UP-TO-DATE
> Task :modules:engine:compileDebugShaders NO-SOURCE
> Task :modules:engine:generateDebugAssets UP-TO-DATE
> Task :modules:engine:packageDebugAssets UP-TO-DATE
> Task :modules:smart:mergeDebugShaders UP-TO-DATE
> Task :modules:smart:compileDebugShaders NO-SOURCE
> Task :modules:smart:generateDebugAssets UP-TO-DATE
> Task :modules:smart:packageDebugAssets UP-TO-DATE
> Task :modules:ui:mergeDebugShaders UP-TO-DATE
> Task :modules:ui:compileDebugShaders NO-SOURCE
> Task :modules:ui:generateDebugAssets UP-TO-DATE
> Task :modules:ui:packageDebugAssets UP-TO-DATE
> Task :app:mergeDebugAssets UP-TO-DATE
> Task :app:compressDebugAssets UP-TO-DATE
> Task :modules:smart:bundleLibRuntimeToJarDebug UP-TO-DATE
> Task :modules:ui:bundleLibRuntimeToJarDebug UP-TO-DATE
> Task :app:desugarDebugFileDependencies UP-TO-DATE
> Task :modules:smart:processDebugJavaRes UP-TO-DATE
> Task :modules:ui:processDebugJavaRes UP-TO-DATE
> Task :app:checkDebugDuplicateClasses UP-TO-DATE
> Task :app:mergeExtDexDebug UP-TO-DATE
> Task :modules:smart:bundleLibRuntimeToDirDebug UP-TO-DATE
> Task :modules:ui:bundleLibRuntimeToDirDebug UP-TO-DATE
> Task :app:mergeDebugJniLibFolders UP-TO-DATE
> Task :modules:automation:mergeDebugJniLibFolders UP-TO-DATE
> Task :modules:automation:mergeDebugNativeLibs NO-SOURCE
> Task :modules:automation:copyDebugJniLibsProjectOnly UP-TO-DATE
> Task :modules:core:mergeDebugJniLibFolders UP-TO-DATE
> Task :modules:core:mergeDebugNativeLibs NO-SOURCE
> Task :modules:core:copyDebugJniLibsProjectOnly UP-TO-DATE
> Task :modules:engine:mergeDebugJniLibFolders UP-TO-DATE
> Task :modules:engine:mergeDebugNativeLibs NO-SOURCE
> Task :modules:engine:copyDebugJniLibsProjectOnly UP-TO-DATE
> Task :modules:smart:mergeDebugJniLibFolders UP-TO-DATE
> Task :modules:smart:mergeDebugNativeLibs NO-SOURCE
> Task :modules:smart:copyDebugJniLibsProjectOnly UP-TO-DATE
> Task :modules:ui:mergeDebugJniLibFolders UP-TO-DATE
> Task :modules:ui:mergeDebugNativeLibs NO-SOURCE
> Task :modules:ui:copyDebugJniLibsProjectOnly UP-TO-DATE
> Task :app:mergeDebugNativeLibs NO-SOURCE
> Task :app:stripDebugDebugSymbols NO-SOURCE
> Task :app:validateSigningDebug UP-TO-DATE
> Task :app:writeDebugAppMetadata UP-TO-DATE
> Task :app:writeDebugSigningConfigVersions UP-TO-DATE
> Task :app:buildKotlinToolingMetadata
> Task :app:preReleaseBuild UP-TO-DATE
> Task :app:generateReleaseResValues
> Task :app:dataBindingMergeDependencyArtifactsRelease
> Task :app:generateReleaseResources
> Task :modules:automation:preReleaseBuild UP-TO-DATE
> Task :modules:automation:generateReleaseResValues
> Task :modules:automation:generateReleaseResources
> Task :modules:automation:packageReleaseResources
> Task :modules:core:preReleaseBuild UP-TO-DATE
> Task :modules:core:generateReleaseResValues
> Task :modules:core:generateReleaseResources
> Task :modules:core:packageReleaseResources
> Task :modules:engine:preReleaseBuild UP-TO-DATE
> Task :modules:engine:generateReleaseResValues
> Task :modules:engine:generateReleaseResources
> Task :modules:engine:packageReleaseResources
> Task :modules:smart:preReleaseBuild UP-TO-DATE
> Task :modules:smart:generateReleaseResValues
> Task :modules:smart:generateReleaseResources
> Task :modules:smart:packageReleaseResources
> Task :modules:ui:preReleaseBuild UP-TO-DATE
> Task :modules:ui:generateReleaseResValues
> Task :modules:ui:generateReleaseResources

> Task :modules:core:compileDebugKotlin

> Task :modules:ui:packageReleaseResources
> Task :modules:core:compileDebugKotlin FAILED

> Task :modules:engine:compileDebugKotlin

> Task :modules:engine:compileDebugKotlin FAILED
> Task :app:mergeReleaseResources FAILED
134 actionable tasks: 28 executed, 106 up-to-date
e: file:///workspaces/JarvisMerged/modules/core/src/main/java/com/jarvismini/core/JarvisState.kt:4:22 Unresolved reference: JarvisMode
e: file:///workspaces/JarvisMerged/modules/core/src/main/java/com/jarvismini/core/JarvisState.kt:4:35 Unresolved reference: JarvisMode
e: file:///workspaces/JarvisMerged/modules/engine/src/main/java/com/jarvismini/engine/JarvisReplyGenerator.kt:5:30 Unresolved reference: AutoReplyInput
e: file:///workspaces/JarvisMerged/modules/engine/src/main/java/com/jarvismini/engine/JarvisReplyGenerator.kt:7:16 'when' expression must be exhaustive, add necessary 'else' branch
e: file:///workspaces/JarvisMerged/modules/engine/src/main/java/com/jarvismini/engine/JarvisReplyGenerator.kt:8:13 Unresolved reference: ReplyReason
e: file:///workspaces/JarvisMerged/modules/engine/src/main/java/com/jarvismini/engine/JarvisReplyGenerator.kt:10:13 Unresolved reference: ReplyReason
e: file:///workspaces/JarvisMerged/modules/engine/src/main/java/com/jarvismini/engine/JarvisReplyGenerator.kt:12:13 Unresolved reference: ReplyReason
e: file:///workspaces/JarvisMerged/modules/engine/src/main/java/com/jarvismini/engine/ReplyToneResolver.kt:3:23 Unresolved reference: core
e: file:///workspaces/JarvisMerged/modules/engine/src/main/java/com/jarvismini/engine/ReplyToneResolver.kt:7:25 Unresolved reference: ReplyReason
e: file:///workspaces/JarvisMerged/modules/engine/src/main/java/com/jarvismini/engine/ReplyToneResolver.kt:7:44 Unresolved reference: JarvisMode
e: file:///workspaces/JarvisMerged/modules/engine/src/main/java/com/jarvismini/engine/ReplyToneResolver.kt:8:16 'when' expression must be exhaustive, add necessary 'else' branch
e: file:///workspaces/JarvisMerged/modules/engine/src/main/java/com/jarvismini/engine/ReplyToneResolver.kt:10:13 Unresolved reference: JarvisMode
e: file:///workspaces/JarvisMerged/modules/engine/src/main/java/com/jarvismini/engine/ReplyToneResolver.kt:13:13 Unresolved reference: JarvisMode
e: file:///workspaces/JarvisMerged/modules/engine/src/main/java/com/jarvismini/engine/ReplyToneResolver.kt:16:13 Unresolved reference: JarvisMode
e: file:///workspaces/JarvisMerged/modules/engine/src/main/java/com/jarvismini/engine/ReplyToneResolver.kt:19:13 Unresolved reference: JarvisMode
e: file:///workspaces/JarvisMerged/modules/engine/src/main/java/com/jarvismini/engine/ReplyToneResolver.kt:22:13 Unresolved reference: JarvisMode
e: file:///workspaces/JarvisMerged/modules/engine/src/main/java/com/jarvismini/engine/ReplyToneResolver.kt:27:41 Unresolved reference: ReplyReason
e: file:///workspaces/JarvisMerged/modules/engine/src/main/java/com/jarvismini/engine/ReplyToneResolver.kt:28:16 'when' expression must be exhaustive, add necessary 'else' branch
e: file:///workspaces/JarvisMerged/modules/engine/src/main/java/com/jarvismini/engine/ReplyToneResolver.kt:29:13 Unresolved reference: ReplyReason
e: file:///workspaces/JarvisMerged/modules/engine/src/main/java/com/jarvismini/engine/ReplyToneResolver.kt:32:13 Unresolved reference: ReplyReason
e: file:///workspaces/JarvisMerged/modules/engine/src/main/java/com/jarvismini/engine/ReplyToneResolver.kt:35:13 Unresolved reference: ReplyReason
e: file:///workspaces/JarvisMerged/modules/engine/src/main/java/com/jarvismini/engine/StubLLMEngine.kt:4:23 Unresolved reference: core
e: file:///workspaces/JarvisMerged/modules/engine/src/main/java/com/jarvismini/engine/StubLLMEngine.kt:12:39 Unresolved reference: AutoReplyInput
e: file:///workspaces/JarvisMerged/modules/engine/src/main/java/com/jarvismini/engine/StubLLMEngine.kt:15:20 Unresolved reference: JarvisState

FAILURE: Build completed with 3 failures.

1: Task failed with an exception.
-----------
* What went wrong:
Execution failed for task ':modules:core:compileDebugKotlin'.
> A failure occurred while executing org.jetbrains.kotlin.compilerRunner.GradleCompilerRunnerWithWorkers$GradleKotlinCompilerWorkAction
   > Compilation error. See log for more details

* Try:
> Run with --stacktrace option to get the stack trace.
> Run with --info or --debug option to get more log output.
> Run with --scan to get full insights.
> Get more help at https://help.gradle.org.
==============================================================================

2: Task failed with an exception.
-----------
* What went wrong:
Execution failed for task ':modules:engine:compileDebugKotlin'.
> A failure occurred while executing org.jetbrains.kotlin.compilerRunner.GradleCompilerRunnerWithWorkers$GradleKotlinCompilerWorkAction
   > Compilation error. See log for more details

* Try:
> Run with --stacktrace option to get the stack trace.
> Run with --info or --debug option to get more log output.
> Run with --scan to get full insights.
> Get more help at https://help.gradle.org.
==============================================================================

3: Task failed with an exception.
-----------
* What went wrong:
Execution failed for task ':app:mergeReleaseResources'.
> Multiple task action failures occurred:
   > A failure occurred while executing com.android.build.gradle.internal.res.Aapt2CompileRunnable
      > Android resource compilation failed
        ERROR: /workspaces/JarvisMerged/app/src/main/res/mipmap-mdpi/ic_launcher.png: AAPT: error: file failed to compile.
            
   > A failure occurred while executing com.android.build.gradle.internal.res.Aapt2CompileRunnable
      > Android resource compilation failed
        ERROR: /workspaces/JarvisMerged/app/src/main/res/mipmap-xxhdpi/ic_launcher.png: AAPT: error: file failed to compile.
            
   > A failure occurred while executing com.android.build.gradle.internal.res.Aapt2CompileRunnable
      > Android resource compilation failed
        ERROR: /workspaces/JarvisMerged/app/src/main/res/mipmap-mdpi/ic_launcher_round.png: AAPT: error: file failed to compile.
            

* Try:
> Run with --stacktrace option to get the stack trace.
> Run with --info or --debug option to get more log output.
> Run with --scan to get full insights.
> Get more help at https://help.gradle.org.
==============================================================================

BUILD FAILED in 48s
